<?xml version="1.0" encoding="UTF-8"?>
<!-- Generated by org.testng.reporters.JUnitXMLReporter -->
<testsuite hostname="DESKTOP-IAHLSLS" ignored="0" name="Test" tests="3" failures="0" timestamp="2022-09-18T09:44:50 IST" time="99.799" errors="0">
  <testcase name="Test1" time="15.007" classname="testCases.SimplilearnLoginTest"/>
  <testcase name="Test2" time="12.273" classname="testCases.SimplilearnLoginTest"/>
  <testcase name="Test3" time="10.724" classname="testCases.SimplilearnLoginTest"/>
</testsuite> <!-- Test -->
