<?xml version="1.0" encoding="UTF-8"?>
<!-- Generated by org.testng.reporters.JUnitXMLReporter -->
<testsuite hostname="DESKTOP-IAHLSLS" ignored="2" name="Test" tests="4" failures="0" timestamp="2022-09-11T11:52:56 IST" time="112.537" errors="0">
  <testcase name="Test1" time="19.324" classname="testCases.SimplilearnLoginTest"/>
  <testcase name="Test2" time="13.032" classname="testCases.SimplilearnLoginTest"/>
  <testcase name="Test3" time="17.892" classname="testCases.SimplilearnLoginTest"/>
  <testcase name="Test1" time="0.005" classname="testCases.HomeTest"/>
  <testcase name="@BeforeTest DataSetup" time="0.0" classname="testCases.BaseClass">
    <ignored/>
  </testcase> <!-- @BeforeTest DataSetup -->
  <testcase name="@AfterTest DataClean" time="0.0" classname="testCases.BaseClass">
    <ignored/>
  </testcase> <!-- @AfterTest DataClean -->
</testsuite> <!-- Test -->
