<?xml version="1.0" encoding="UTF-8"?>
<!-- Generated by org.testng.reporters.JUnitXMLReporter -->
<testsuite hostname="DESKTOP-IAHLSLS" ignored="0" name="Test" tests="3" failures="0" timestamp="2022-09-18T12:08:05 IST" time="166.023" errors="0">
  <testcase name="Test1" time="57.136" classname="testCases.SimplilearnLoginTest"/>
  <testcase name="Test2" time="24.309" classname="testCases.SimplilearnLoginTest"/>
  <testcase name="Test3" time="14.73" classname="testCases.SimplilearnLoginTest"/>
</testsuite> <!-- Test -->
