<?xml version="1.0" encoding="UTF-8"?>
<!-- Generated by org.testng.reporters.JUnitXMLReporter -->
<testsuite hostname="DESKTOP-IAHLSLS" ignored="0" name="Test" tests="3" failures="0" timestamp="2022-09-10T13:17:23 IST" time="54.53" errors="0">
  <testcase name="Test1" time="0.001" classname="testCases.HomeTest"/>
  <testcase name="Test1" time="13.816" classname="testCases.SimplilearnLoginTest"/>
  <testcase name="Test2" time="9.561" classname="testCases.SimplilearnLoginTest"/>
</testsuite> <!-- Test -->
