<?xml version="1.0" encoding="UTF-8"?>
<testng-results skipped="0" failed="0" ignored="0" total="3" passed="3">
  <reporter-output>
  </reporter-output>
  <suite name="Suite" duration-ms="54530" started-at="2022-09-10T13:16:28 IST" finished-at="2022-09-10T13:17:23 IST">
    <groups>
    </groups>
    <test name="Test" duration-ms="54530" started-at="2022-09-10T13:16:28 IST" finished-at="2022-09-10T13:17:23 IST">
      <class name="testCases.HomeTest">
        <test-method status="PASS" signature="Setup()[pri:0, instance:testCases.HomeTest@49fc609f]" name="Setup" is-config="true" duration-ms="9711" started-at="2022-09-10T13:16:28 IST" finished-at="2022-09-10T13:16:38 IST">
          <reporter-output>
          </reporter-output>
        </test-method> <!-- Setup -->
        <test-method status="PASS" signature="Test1()[pri:0, instance:testCases.HomeTest@49fc609f]" name="Test1" duration-ms="1" started-at="2022-09-10T13:16:38 IST" finished-at="2022-09-10T13:16:38 IST">
          <reporter-output>
          </reporter-output>
        </test-method> <!-- Test1 -->
        <test-method status="PASS" signature="TearDown()[pri:0, instance:testCases.HomeTest@49fc609f]" name="TearDown" is-config="true" duration-ms="1963" started-at="2022-09-10T13:16:38 IST" finished-at="2022-09-10T13:16:40 IST">
          <reporter-output>
          </reporter-output>
        </test-method> <!-- TearDown -->
      </class> <!-- testCases.HomeTest -->
      <class name="testCases.SimplilearnLoginTest">
        <test-method status="PASS" signature="Setup()[pri:0, instance:testCases.SimplilearnLoginTest@1f7030a6]" name="Setup" is-config="true" duration-ms="8199" started-at="2022-09-10T13:16:40 IST" finished-at="2022-09-10T13:16:48 IST">
          <reporter-output>
          </reporter-output>
        </test-method> <!-- Setup -->
        <test-method status="PASS" signature="Test1()[pri:0, instance:testCases.SimplilearnLoginTest@1f7030a6]" name="Test1" duration-ms="13816" started-at="2022-09-10T13:16:48 IST" finished-at="2022-09-10T13:17:02 IST">
          <reporter-output>
          </reporter-output>
        </test-method> <!-- Test1 -->
        <test-method status="PASS" signature="TearDown()[pri:0, instance:testCases.SimplilearnLoginTest@1f7030a6]" name="TearDown" is-config="true" duration-ms="497" started-at="2022-09-10T13:17:02 IST" finished-at="2022-09-10T13:17:02 IST">
          <reporter-output>
          </reporter-output>
        </test-method> <!-- TearDown -->
        <test-method status="PASS" signature="Setup()[pri:0, instance:testCases.SimplilearnLoginTest@1f7030a6]" name="Setup" is-config="true" duration-ms="9100" started-at="2022-09-10T13:17:02 IST" finished-at="2022-09-10T13:17:12 IST">
          <reporter-output>
          </reporter-output>
        </test-method> <!-- Setup -->
        <test-method status="PASS" signature="Test2()[pri:0, instance:testCases.SimplilearnLoginTest@1f7030a6]" name="Test2" duration-ms="9561" started-at="2022-09-10T13:17:12 IST" finished-at="2022-09-10T13:17:21 IST">
          <reporter-output>
          </reporter-output>
        </test-method> <!-- Test2 -->
        <test-method status="PASS" signature="TearDown()[pri:0, instance:testCases.SimplilearnLoginTest@1f7030a6]" name="TearDown" is-config="true" duration-ms="1607" started-at="2022-09-10T13:17:21 IST" finished-at="2022-09-10T13:17:23 IST">
          <reporter-output>
          </reporter-output>
        </test-method> <!-- TearDown -->
      </class> <!-- testCases.SimplilearnLoginTest -->
    </test> <!-- Test -->
  </suite> <!-- Suite -->
</testng-results>
