<?xml version="1.0" encoding="UTF-8"?>
<testng-results skipped="0" failed="0" ignored="0" total="3" passed="3">
  <reporter-output>
  </reporter-output>
  <suite name="Suite" duration-ms="166023" started-at="2022-09-18T12:05:19 IST" finished-at="2022-09-18T12:08:05 IST">
    <groups>
    </groups>
    <test name="Test" duration-ms="166023" started-at="2022-09-18T12:05:19 IST" finished-at="2022-09-18T12:08:05 IST">
      <class name="testCases.SimplilearnLoginTest">
        <test-method status="PASS" signature="DataSetup()[pri:0, instance:testCases.SimplilearnLoginTest@6ee52dcd]" name="DataSetup" is-config="true" duration-ms="3142" started-at="2022-09-18T12:05:19 IST" finished-at="2022-09-18T12:05:23 IST">
          <reporter-output>
          </reporter-output>
        </test-method> <!-- DataSetup -->
        <test-method status="PASS" signature="Setup(java.lang.reflect.Method)[pri:0, instance:testCases.SimplilearnLoginTest@6ee52dcd]" name="Setup" is-config="true" duration-ms="18968" started-at="2022-09-18T12:05:23 IST" finished-at="2022-09-18T12:05:42 IST">
          <params>
            <param index="0">
              <value>
                <![CDATA[public void testCases.SimplilearnLoginTest.Test1()]]>
              </value>
            </param>
          </params>
          <reporter-output>
          </reporter-output>
        </test-method> <!-- Setup -->
        <test-method status="PASS" signature="Test1()[pri:0, instance:testCases.SimplilearnLoginTest@6ee52dcd]" name="Test1" duration-ms="57136" started-at="2022-09-18T12:05:42 IST" finished-at="2022-09-18T12:06:39 IST">
          <reporter-output>
          </reporter-output>
        </test-method> <!-- Test1 -->
        <test-method status="PASS" signature="TearDown()[pri:0, instance:testCases.SimplilearnLoginTest@6ee52dcd]" name="TearDown" is-config="true" duration-ms="5022" started-at="2022-09-18T12:06:39 IST" finished-at="2022-09-18T12:06:44 IST">
          <reporter-output>
          </reporter-output>
        </test-method> <!-- TearDown -->
        <test-method status="PASS" signature="Setup(java.lang.reflect.Method)[pri:0, instance:testCases.SimplilearnLoginTest@6ee52dcd]" name="Setup" is-config="true" duration-ms="16516" started-at="2022-09-18T12:06:44 IST" finished-at="2022-09-18T12:07:00 IST">
          <params>
            <param index="0">
              <value>
                <![CDATA[public void testCases.SimplilearnLoginTest.Test2(java.lang.String,java.lang.String)]]>
              </value>
            </param>
          </params>
          <reporter-output>
          </reporter-output>
        </test-method> <!-- Setup -->
        <test-method status="PASS" signature="Test2(java.lang.String,java.lang.String)[pri:0, instance:testCases.SimplilearnLoginTest@6ee52dcd]" name="Test2" duration-ms="24309" started-at="2022-09-18T12:07:00 IST" finished-at="2022-09-18T12:07:25 IST">
          <params>
            <param index="0">
              <value>
                <![CDATA[abc1@xyz.com]]>
              </value>
            </param>
            <param index="1">
              <value>
                <![CDATA[Abc@12345]]>
              </value>
            </param>
          </params>
          <reporter-output>
          </reporter-output>
        </test-method> <!-- Test2 -->
        <test-method status="PASS" signature="TearDown()[pri:0, instance:testCases.SimplilearnLoginTest@6ee52dcd]" name="TearDown" is-config="true" duration-ms="3181" started-at="2022-09-18T12:07:25 IST" finished-at="2022-09-18T12:07:28 IST">
          <reporter-output>
          </reporter-output>
        </test-method> <!-- TearDown -->
        <test-method status="PASS" signature="Setup(java.lang.reflect.Method)[pri:0, instance:testCases.SimplilearnLoginTest@6ee52dcd]" name="Setup" is-config="true" duration-ms="18526" started-at="2022-09-18T12:07:28 IST" finished-at="2022-09-18T12:07:46 IST">
          <params>
            <param index="0">
              <value>
                <![CDATA[public void testCases.SimplilearnLoginTest.Test3()]]>
              </value>
            </param>
          </params>
          <reporter-output>
          </reporter-output>
        </test-method> <!-- Setup -->
        <test-method status="PASS" signature="Test3()[pri:0, instance:testCases.SimplilearnLoginTest@6ee52dcd]" name="Test3" duration-ms="14730" started-at="2022-09-18T12:07:46 IST" finished-at="2022-09-18T12:08:01 IST">
          <reporter-output>
          </reporter-output>
        </test-method> <!-- Test3 -->
        <test-method status="PASS" signature="TearDown()[pri:0, instance:testCases.SimplilearnLoginTest@6ee52dcd]" name="TearDown" is-config="true" duration-ms="2564" started-at="2022-09-18T12:08:01 IST" finished-at="2022-09-18T12:08:04 IST">
          <reporter-output>
          </reporter-output>
        </test-method> <!-- TearDown -->
        <test-method status="PASS" signature="DataClean()[pri:0, instance:testCases.SimplilearnLoginTest@6ee52dcd]" name="DataClean" is-config="true" duration-ms="1757" started-at="2022-09-18T12:08:04 IST" finished-at="2022-09-18T12:08:05 IST">
          <reporter-output>
          </reporter-output>
        </test-method> <!-- DataClean -->
      </class> <!-- testCases.SimplilearnLoginTest -->
    </test> <!-- Test -->
  </suite> <!-- Suite -->
</testng-results>
