<?xml version="1.0" encoding="UTF-8"?>
<testng-results skipped="0" failed="0" ignored="0" total="3" passed="3">
  <reporter-output>
  </reporter-output>
  <suite name="Suite" duration-ms="89730" started-at="2022-09-11T11:22:58 IST" finished-at="2022-09-11T11:24:27 IST">
    <groups>
    </groups>
    <test name="Test" duration-ms="89730" started-at="2022-09-11T11:22:58 IST" finished-at="2022-09-11T11:24:27 IST">
      <class name="testCases.SimplilearnLoginTest">
        <test-method status="PASS" signature="DataSetup()[pri:0, instance:testCases.SimplilearnLoginTest@76a3e297]" name="DataSetup" is-config="true" duration-ms="1918" started-at="2022-09-11T11:22:58 IST" finished-at="2022-09-11T11:23:00 IST">
          <reporter-output>
          </reporter-output>
        </test-method> <!-- DataSetup -->
        <test-method status="PASS" signature="Setup()[pri:0, instance:testCases.SimplilearnLoginTest@76a3e297]" name="Setup" is-config="true" duration-ms="14423" started-at="2022-09-11T11:23:00 IST" finished-at="2022-09-11T11:23:14 IST">
          <reporter-output>
          </reporter-output>
        </test-method> <!-- Setup -->
        <test-method status="PASS" signature="Test1()[pri:0, instance:testCases.SimplilearnLoginTest@76a3e297]" name="Test1" duration-ms="16980" started-at="2022-09-11T11:23:14 IST" finished-at="2022-09-11T11:23:31 IST">
          <reporter-output>
          </reporter-output>
        </test-method> <!-- Test1 -->
        <test-method status="PASS" signature="TearDown()[pri:0, instance:testCases.SimplilearnLoginTest@76a3e297]" name="TearDown" is-config="true" duration-ms="2100" started-at="2022-09-11T11:23:31 IST" finished-at="2022-09-11T11:23:33 IST">
          <reporter-output>
          </reporter-output>
        </test-method> <!-- TearDown -->
        <test-method status="PASS" signature="Setup()[pri:0, instance:testCases.SimplilearnLoginTest@76a3e297]" name="Setup" is-config="true" duration-ms="13349" started-at="2022-09-11T11:23:33 IST" finished-at="2022-09-11T11:23:47 IST">
          <reporter-output>
          </reporter-output>
        </test-method> <!-- Setup -->
        <test-method status="PASS" signature="Test2(java.lang.String,java.lang.String)[pri:0, instance:testCases.SimplilearnLoginTest@76a3e297]" name="Test2" duration-ms="14149" started-at="2022-09-11T11:23:47 IST" finished-at="2022-09-11T11:24:01 IST">
          <params>
            <param index="0">
              <value>
                <![CDATA[abc1@xyz.com]]>
              </value>
            </param>
            <param index="1">
              <value>
                <![CDATA[Abc@12345]]>
              </value>
            </param>
          </params>
          <reporter-output>
          </reporter-output>
        </test-method> <!-- Test2 -->
        <test-method status="PASS" signature="TearDown()[pri:0, instance:testCases.SimplilearnLoginTest@76a3e297]" name="TearDown" is-config="true" duration-ms="1805" started-at="2022-09-11T11:24:01 IST" finished-at="2022-09-11T11:24:03 IST">
          <reporter-output>
          </reporter-output>
        </test-method> <!-- TearDown -->
        <test-method status="PASS" signature="Setup()[pri:0, instance:testCases.SimplilearnLoginTest@76a3e297]" name="Setup" is-config="true" duration-ms="11335" started-at="2022-09-11T11:24:03 IST" finished-at="2022-09-11T11:24:14 IST">
          <reporter-output>
          </reporter-output>
        </test-method> <!-- Setup -->
        <test-method status="PASS" signature="Test3()[pri:0, instance:testCases.SimplilearnLoginTest@76a3e297]" name="Test3" duration-ms="11627" started-at="2022-09-11T11:24:14 IST" finished-at="2022-09-11T11:24:26 IST">
          <reporter-output>
          </reporter-output>
        </test-method> <!-- Test3 -->
        <test-method status="PASS" signature="TearDown()[pri:0, instance:testCases.SimplilearnLoginTest@76a3e297]" name="TearDown" is-config="true" duration-ms="1930" started-at="2022-09-11T11:24:26 IST" finished-at="2022-09-11T11:24:27 IST">
          <reporter-output>
          </reporter-output>
        </test-method> <!-- TearDown -->
        <test-method status="PASS" signature="DataClean()[pri:0, instance:testCases.SimplilearnLoginTest@76a3e297]" name="DataClean" is-config="true" duration-ms="1" started-at="2022-09-11T11:24:27 IST" finished-at="2022-09-11T11:24:27 IST">
          <reporter-output>
          </reporter-output>
        </test-method> <!-- DataClean -->
      </class> <!-- testCases.SimplilearnLoginTest -->
    </test> <!-- Test -->
  </suite> <!-- Suite -->
</testng-results>
