<?xml version="1.0" encoding="UTF-8"?>
<testng-results skipped="0" failed="0" ignored="0" total="3" passed="3">
  <reporter-output>
  </reporter-output>
  <suite name="Suite" duration-ms="99799" started-at="2022-09-18T09:43:10 IST" finished-at="2022-09-18T09:44:50 IST">
    <groups>
    </groups>
    <test name="Test" duration-ms="99799" started-at="2022-09-18T09:43:10 IST" finished-at="2022-09-18T09:44:50 IST">
      <class name="testCases.SimplilearnLoginTest">
        <test-method status="PASS" signature="DataSetup()[pri:0, instance:testCases.SimplilearnLoginTest@74ad1f1f]" name="DataSetup" is-config="true" duration-ms="2391" started-at="2022-09-18T09:43:10 IST" finished-at="2022-09-18T09:43:13 IST">
          <reporter-output>
          </reporter-output>
        </test-method> <!-- DataSetup -->
        <test-method status="PASS" signature="Setup(java.lang.reflect.Method)[pri:0, instance:testCases.SimplilearnLoginTest@74ad1f1f]" name="Setup" is-config="true" duration-ms="17296" started-at="2022-09-18T09:43:13 IST" finished-at="2022-09-18T09:43:30 IST">
          <params>
            <param index="0">
              <value>
                <![CDATA[public void testCases.SimplilearnLoginTest.Test1()]]>
              </value>
            </param>
          </params>
          <reporter-output>
          </reporter-output>
        </test-method> <!-- Setup -->
        <test-method status="PASS" signature="Test1()[pri:0, instance:testCases.SimplilearnLoginTest@74ad1f1f]" name="Test1" duration-ms="15007" started-at="2022-09-18T09:43:30 IST" finished-at="2022-09-18T09:43:45 IST">
          <reporter-output>
          </reporter-output>
        </test-method> <!-- Test1 -->
        <test-method status="PASS" signature="TearDown()[pri:0, instance:testCases.SimplilearnLoginTest@74ad1f1f]" name="TearDown" is-config="true" duration-ms="2939" started-at="2022-09-18T09:43:45 IST" finished-at="2022-09-18T09:43:48 IST">
          <reporter-output>
          </reporter-output>
        </test-method> <!-- TearDown -->
        <test-method status="PASS" signature="Setup(java.lang.reflect.Method)[pri:0, instance:testCases.SimplilearnLoginTest@74ad1f1f]" name="Setup" is-config="true" duration-ms="17362" started-at="2022-09-18T09:43:48 IST" finished-at="2022-09-18T09:44:05 IST">
          <params>
            <param index="0">
              <value>
                <![CDATA[public void testCases.SimplilearnLoginTest.Test2(java.lang.String,java.lang.String)]]>
              </value>
            </param>
          </params>
          <reporter-output>
          </reporter-output>
        </test-method> <!-- Setup -->
        <test-method status="PASS" signature="Test2(java.lang.String,java.lang.String)[pri:0, instance:testCases.SimplilearnLoginTest@74ad1f1f]" name="Test2" duration-ms="12273" started-at="2022-09-18T09:44:05 IST" finished-at="2022-09-18T09:44:18 IST">
          <params>
            <param index="0">
              <value>
                <![CDATA[abc1@xyz.com]]>
              </value>
            </param>
            <param index="1">
              <value>
                <![CDATA[Abc@12345]]>
              </value>
            </param>
          </params>
          <reporter-output>
          </reporter-output>
        </test-method> <!-- Test2 -->
        <test-method status="PASS" signature="TearDown()[pri:0, instance:testCases.SimplilearnLoginTest@74ad1f1f]" name="TearDown" is-config="true" duration-ms="914" started-at="2022-09-18T09:44:18 IST" finished-at="2022-09-18T09:44:18 IST">
          <reporter-output>
          </reporter-output>
        </test-method> <!-- TearDown -->
        <test-method status="PASS" signature="Setup(java.lang.reflect.Method)[pri:0, instance:testCases.SimplilearnLoginTest@74ad1f1f]" name="Setup" is-config="true" duration-ms="17918" started-at="2022-09-18T09:44:18 IST" finished-at="2022-09-18T09:44:36 IST">
          <params>
            <param index="0">
              <value>
                <![CDATA[public void testCases.SimplilearnLoginTest.Test3()]]>
              </value>
            </param>
          </params>
          <reporter-output>
          </reporter-output>
        </test-method> <!-- Setup -->
        <test-method status="PASS" signature="Test3()[pri:0, instance:testCases.SimplilearnLoginTest@74ad1f1f]" name="Test3" duration-ms="10724" started-at="2022-09-18T09:44:36 IST" finished-at="2022-09-18T09:44:47 IST">
          <reporter-output>
          </reporter-output>
        </test-method> <!-- Test3 -->
        <test-method status="PASS" signature="TearDown()[pri:0, instance:testCases.SimplilearnLoginTest@74ad1f1f]" name="TearDown" is-config="true" duration-ms="1709" started-at="2022-09-18T09:44:47 IST" finished-at="2022-09-18T09:44:49 IST">
          <reporter-output>
          </reporter-output>
        </test-method> <!-- TearDown -->
        <test-method status="PASS" signature="DataClean()[pri:0, instance:testCases.SimplilearnLoginTest@74ad1f1f]" name="DataClean" is-config="true" duration-ms="1156" started-at="2022-09-18T09:44:49 IST" finished-at="2022-09-18T09:44:50 IST">
          <reporter-output>
          </reporter-output>
        </test-method> <!-- DataClean -->
      </class> <!-- testCases.SimplilearnLoginTest -->
    </test> <!-- Test -->
  </suite> <!-- Suite -->
</testng-results>
